<?xml version="1.0" encoding="UTF-8"?>
<!-- Generated by org.testng.reporters.JUnitXMLReporter -->
<testsuite hostname="user" ignored="0" name="Test" tests="9" failures="0" timestamp="16 May 2018 11:50:26 GMT" time="14.727" errors="0">
  <testcase name="@BeforeMethod setUp" time="5.311" classname="com.qa.tests.FlightBookingTest">
    <failure type="java.lang.NullPointerException" message="null value in entry: url=null">
      <![CDATA[java.lang.NullPointerException: null value in entry: url=null
at com.google.common.collect.CollectPreconditions.checkEntryNotNull(CollectPreconditions.java:32)
at com.google.common.collect.SingletonImmutableBiMap.<init>(SingletonImmutableBiMap.java:42)
at com.google.common.collect.ImmutableBiMap.of(ImmutableBiMap.java:70)
at com.google.common.collect.ImmutableMap.of(ImmutableMap.java:123)
at org.openqa.selenium.remote.RemoteWebDriver.get(RemoteWebDriver.java:273)
at com.qa.base.TestBase.initialization(TestBase.java:57)
at com.qa.tests.FlightBookingTest.setUp(FlightBookingTest.java:25)
... Removed 28 stack frames]]>
    </failure>
  </testcase> <!-- @BeforeMethod setUp -->
  <testcase name="@AfterMethod tearDown" time="0.0" classname="com.qa.tests.FlightBookingTest">
    <skipped/>
  </testcase> <!-- @AfterMethod tearDown -->
  <testcase name="@BeforeMethod setUp" time="4.47" classname="com.qa.tests.HotelBookingTest">
    <failure type="java.lang.NullPointerException" message="null value in entry: url=null">
      <![CDATA[java.lang.NullPointerException: null value in entry: url=null
at com.google.common.collect.CollectPreconditions.checkEntryNotNull(CollectPreconditions.java:32)
at com.google.common.collect.SingletonImmutableBiMap.<init>(SingletonImmutableBiMap.java:42)
at com.google.common.collect.ImmutableBiMap.of(ImmutableBiMap.java:70)
at com.google.common.collect.ImmutableMap.of(ImmutableMap.java:123)
at org.openqa.selenium.remote.RemoteWebDriver.get(RemoteWebDriver.java:273)
at com.qa.base.TestBase.initialization(TestBase.java:57)
at com.qa.tests.HotelBookingTest.setUp(HotelBookingTest.java:25)
... Removed 28 stack frames]]>
    </failure>
  </testcase> <!-- @BeforeMethod setUp -->
  <testcase name="@AfterMethod tearDown" time="0.0" classname="com.qa.tests.HotelBookingTest">
    <skipped/>
  </testcase> <!-- @AfterMethod tearDown -->
  <testcase name="@BeforeMethod setUp" time="4.76" classname="com.qa.tests.SignInTest">
    <failure type="java.lang.NullPointerException" message="null value in entry: url=null">
      <![CDATA[java.lang.NullPointerException: null value in entry: url=null
at com.google.common.collect.CollectPreconditions.checkEntryNotNull(CollectPreconditions.java:32)
at com.google.common.collect.SingletonImmutableBiMap.<init>(SingletonImmutableBiMap.java:42)
at com.google.common.collect.ImmutableBiMap.of(ImmutableBiMap.java:70)
at com.google.common.collect.ImmutableMap.of(ImmutableMap.java:123)
at org.openqa.selenium.remote.RemoteWebDriver.get(RemoteWebDriver.java:273)
at com.qa.base.TestBase.initialization(TestBase.java:57)
at com.qa.tests.SignInTest.setUp(SignInTest.java:23)
... Removed 28 stack frames]]>
    </failure>
  </testcase> <!-- @BeforeMethod setUp -->
  <testcase name="@AfterMethod tearDown" time="0.0" classname="com.qa.tests.SignInTest">
    <skipped/>
  </testcase> <!-- @AfterMethod tearDown -->
  <testcase name="@BeforeMethod setUp" time="0.0" classname="com.qa.tests.FlightBookingTest">
    <skipped/>
  </testcase> <!-- @BeforeMethod setUp -->
  <testcase name="@AfterMethod tearDown" time="0.0" classname="com.qa.tests.FlightBookingTest">
    <skipped/>
  </testcase> <!-- @AfterMethod tearDown -->
  <testcase name="@BeforeMethod setUp" time="0.0" classname="com.qa.tests.HotelBookingTest">
    <skipped/>
  </testcase> <!-- @BeforeMethod setUp -->
  <testcase name="@AfterMethod tearDown" time="0.0" classname="com.qa.tests.HotelBookingTest">
    <skipped/>
  </testcase> <!-- @AfterMethod tearDown -->
  <testcase name="@BeforeMethod setUp" time="0.0" classname="com.qa.tests.SignInTest">
    <skipped/>
  </testcase> <!-- @BeforeMethod setUp -->
  <testcase name="@AfterMethod tearDown" time="0.0" classname="com.qa.tests.SignInTest">
    <skipped/>
  </testcase> <!-- @AfterMethod tearDown -->
  <testcase name="@BeforeMethod setUp" time="0.0" classname="com.qa.tests.FlightBookingTest">
    <skipped/>
  </testcase> <!-- @BeforeMethod setUp -->
  <testcase name="@AfterMethod tearDown" time="0.0" classname="com.qa.tests.FlightBookingTest">
    <skipped/>
  </testcase> <!-- @AfterMethod tearDown -->
  <testcase name="@BeforeMethod setUp" time="0.0" classname="com.qa.tests.HotelBookingTest">
    <skipped/>
  </testcase> <!-- @BeforeMethod setUp -->
  <testcase name="@AfterMethod tearDown" time="0.0" classname="com.qa.tests.HotelBookingTest">
    <skipped/>
  </testcase> <!-- @AfterMethod tearDown -->
  <testcase name="@BeforeMethod setUp" time="0.0" classname="com.qa.tests.SignInTest">
    <skipped/>
  </testcase> <!-- @BeforeMethod setUp -->
  <testcase name="@AfterMethod tearDown" time="0.0" classname="com.qa.tests.SignInTest">
    <skipped/>
  </testcase> <!-- @AfterMethod tearDown -->
  <testcase name="verifyTitleTest" time="0.0" classname="com.qa.tests.FlightBookingTest">
    <skipped/>
  </testcase> <!-- verifyTitleTest -->
  <testcase name="verifyTitleTest" time="0.0" classname="com.qa.tests.HotelBookingTest">
    <skipped/>
  </testcase> <!-- verifyTitleTest -->
  <testcase name="verifyTitleTest" time="0.0" classname="com.qa.tests.SignInTest">
    <skipped/>
  </testcase> <!-- verifyTitleTest -->
  <testcase name="verifyLogoTest" time="0.0" classname="com.qa.tests.FlightBookingTest">
    <skipped/>
  </testcase> <!-- verifyLogoTest -->
  <testcase name="verifyLogoTest" time="0.0" classname="com.qa.tests.HotelBookingTest">
    <skipped/>
  </testcase> <!-- verifyLogoTest -->
  <testcase name="verifyLogoTest" time="0.0" classname="com.qa.tests.SignInTest">
    <skipped/>
  </testcase> <!-- verifyLogoTest -->
  <testcase name="testThatResultsAppearForAOneWayJourneyTest" time="0.0" classname="com.qa.tests.FlightBookingTest">
    <skipped/>
  </testcase> <!-- testThatResultsAppearForAOneWayJourneyTest -->
  <testcase name="shouldBeAbleToSearchForHotelsTest" time="0.0" classname="com.qa.tests.HotelBookingTest">
    <skipped/>
  </testcase> <!-- shouldBeAbleToSearchForHotelsTest -->
  <testcase name="shouldThrowAnErrorIfSignInDetailsAreMissingTest" time="0.0" classname="com.qa.tests.SignInTest">
    <skipped/>
  </testcase> <!-- shouldThrowAnErrorIfSignInDetailsAreMissingTest -->
</testsuite> <!-- Test -->
